[debug] [2022-10-10T11:05:23.856Z] ----------------------------------------------------------------------
[debug] [2022-10-10T11:05:23.857Z] Command:       /opt/homebrew/Cellar/node/18.9.0/bin/node /opt/homebrew/bin/firebase init
[debug] [2022-10-10T11:05:23.857Z] CLI Version:   11.0.1
[debug] [2022-10-10T11:05:23.857Z] Platform:      darwin
[debug] [2022-10-10T11:05:23.858Z] Node Version:  v18.9.0
[debug] [2022-10-10T11:05:23.859Z] Time:          Mon Oct 10 2022 14:05:23 GMT+0300 (Israel Daylight Time)
[debug] [2022-10-10T11:05:23.859Z] ----------------------------------------------------------------------
[debug] 
[debug] [2022-10-10T11:05:23.889Z] > command requires scopes: ["email","openid","https://www.googleapis.com/auth/cloudplatformprojects.readonly","https://www.googleapis.com/auth/firebase","https://www.googleapis.com/auth/cloud-platform"]
[debug] [2022-10-10T11:05:23.889Z] > authorizing via signed-in user (itamar.cohen2826@gmail.com)
[info] 
     ######## #### ########  ######## ########     ###     ######  ########
     ##        ##  ##     ## ##       ##     ##  ##   ##  ##       ##
     ######    ##  ########  ######   ########  #########  ######  ######
     ##        ##  ##    ##  ##       ##     ## ##     ##       ## ##
     ##       #### ##     ## ######## ########  ##     ##  ######  ########

You're about to initialize a Firebase project in this directory:

  /Users/itamarcohen/Documents/Programming/portfolio/portfolio

Before we get started, keep in mind:

  * You are initializing within an existing Firebase project directory

[info] 
=== Project Setup
[info] 
[info] First, let's associate this project directory with a Firebase project.
[info] You can create multiple project aliases by running firebase use --add, 
[info] but for now we'll just set up a default project.
[info] 
[debug] [2022-10-10T11:05:37.881Z] Using project from CLI flag: portfolio-itamar
[debug] [2022-10-10T11:05:37.884Z] >>> [apiv2][query] GET https://firebase.googleapis.com/v1beta1/projects/portfolio-itamar [none]
[debug] [2022-10-10T11:05:38.385Z] <<< [apiv2][status] GET https://firebase.googleapis.com/v1beta1/projects/portfolio-itamar 200
[debug] [2022-10-10T11:05:38.385Z] <<< [apiv2][body] GET https://firebase.googleapis.com/v1beta1/projects/portfolio-itamar {"projectId":"portfolio-itamar","projectNumber":"421145526022","displayName":"portfolio-itamar","name":"projects/portfolio-itamar","resources":{"hostingSite":"portfolio-itamar"},"state":"ACTIVE","etag":"1_02d499e4-29f8-4e0e-95f5-da5b2bcaab22"}
[info] i  Using project portfolio-itamar (portfolio-itamar) 
[info] 
=== Hosting Setup
[info] 
[info] Your public directory is the folder (relative to your project directory) that
[info] will contain Hosting assets to be uploaded with firebase deploy. If you
[info] have a build process for your assets, use your build's output directory.
[info] 
[debug] [2022-10-10T11:05:49.770Z] >>> [apiv2][query] GET https://www.gstatic.com/firebasejs/releases.json [none]
[debug] [2022-10-10T11:05:50.055Z] <<< [apiv2][status] GET https://www.gstatic.com/firebasejs/releases.json 200
[debug] [2022-10-10T11:05:50.055Z] <<< [apiv2][body] GET https://www.gstatic.com/firebasejs/releases.json {"current":{"version":"9.11.0","browserURL":"https://www.gstatic.com/firebasejs/9.11.0/firebase.js","packageURL":"https://www.gstatic.com/firebasejs/9.11.0/firebase.tgz"},"live":{"version":"9.11","browserURL":"https://www.gstatic.com/firebasejs/live/9.11/firebase.js","packageURL":"https://www.gstatic.com/firebasejs/live/9.11/firebase.tgz"},"components":{"analytics":"https://www.gstatic.com/firebasejs/9.11.0/firebase-analytics.js","app":"https://www.gstatic.com/firebasejs/9.11.0/firebase-app.js","app-check":"https://www.gstatic.com/firebasejs/9.11.0/firebase-app-check.js","auth":"https://www.gstatic.com/firebasejs/9.11.0/firebase-auth.js","auth/cordova":"https://www.gstatic.com/firebasejs/9.11.0/firebase-auth/cordova.js","auth/react-native":"https://www.gstatic.com/firebasejs/9.11.0/firebase-auth/react-native.js","functions":"https://www.gstatic.com/firebasejs/9.11.0/firebase-functions.js","firestore":"https://www.gstatic.com/firebasejs/9.11.0/firebase-firestore.js","firestore/lite":"https://www.gstatic.com/firebasejs/9.11.0/firebase-firestore/lite.js","installations":"https://www.gstatic.com/firebasejs/9.11.0/firebase-installations.js","storage":"https://www.gstatic.com/firebasejs/9.11.0/firebase-storage.js","performance":"https://www.gstatic.com/firebasejs/9.11.0/firebase-performance.js","remote-config":"https://www.gstatic.com/firebasejs/9.11.0/firebase-remote-config.js","messaging":"https://www.gstatic.com/firebasejs/9.11.0/firebase-messaging.js","messaging/sw":"https://www.gstatic.com/firebasejs/9.11.0/firebase-messaging/sw.js","database":"https://www.gstatic.com/firebasejs/9.11.0/firebase-database.js","firestore.memory":"https://www.gstatic.com/firebasejs/9.11.0/firebase-firestore.memory.js"}}
[info] ✔  Wrote build/index.html 
[info] 
[info] i  Detected a .git folder at /Users/itamarcohen/Documents/Programming/portfolio/portfolio 
[info] i  Authorizing with GitHub to upload your service account to a GitHub repository's secrets store. 
[info] 
[info] Visit this URL on this device to log in:
[info] https://github.com/login/oauth/authorize?client_id=89cf50f02ac6aaed3484&state=684638337&redirect_uri=http%3A%2F%2Flocalhost%3A9005&scope=read%3Auser%20repo%20public_repo
[info] 
[info] Waiting for authentication...
[debug] [2022-10-10T11:05:50.883Z] >>> HTTP REQUEST POST https://github.com/login/oauth/access_token  
 {"client_id":"89cf50f02ac6aaed3484","client_secret":"3330d14abc895d9a74d5f17cd7a00711fa2c5bf0","code":"ba8caa1600aeee1ffad2","redirect_uri":"http://localhost:9005","state":"684638337"}
[debug] [2022-10-10T11:05:51.341Z] <<< HTTP RESPONSE 200 {"server":"GitHub.com","date":"Mon, 10 Oct 2022 11:05:51 GMT","content-type":"application/json; charset=utf-8","transfer-encoding":"chunked","vary":"X-PJAX, X-PJAX-Container, Turbo-Visit, Turbo-Frame, Accept-Encoding, Accept, X-Requested-With","etag":"W/\"1729550d811bd464b63382f1125d36d8\"","cache-control":"max-age=0, private, must-revalidate","strict-transport-security":"max-age=31536000; includeSubdomains; preload","x-frame-options":"deny","x-content-type-options":"nosniff","x-xss-protection":"0","referrer-policy":"origin-when-cross-origin, strict-origin-when-cross-origin","expect-ct":"max-age=2592000, report-uri=\"https://api.github.com/_private/browser/errors\"","content-security-policy":"default-src 'none'; base-uri 'self'; block-all-mixed-content; child-src github.com/assets-cdn/worker/ gist.github.com/assets-cdn/worker/; connect-src 'self' uploads.github.com objects-origin.githubusercontent.com www.githubstatus.com collector.github.com raw.githubusercontent.com api.github.com github-cloud.s3.amazonaws.com github-production-repository-file-5c1aeb.s3.amazonaws.com github-production-upload-manifest-file-7fdce7.s3.amazonaws.com github-production-user-asset-6210df.s3.amazonaws.com cdn.optimizely.com logx.optimizely.com/v1/events *.actions.githubusercontent.com wss://*.actions.githubusercontent.com online.visualstudio.com/api/v1/locations github-production-repository-image-32fea6.s3.amazonaws.com github-production-release-asset-2e65be.s3.amazonaws.com insights.github.com wss://alive.github.com; font-src github.githubassets.com; form-action 'self' github.com gist.github.com objects-origin.githubusercontent.com; frame-ancestors 'none'; frame-src viewscreen.githubusercontent.com notebooks.githubusercontent.com; img-src 'self' data: github.githubassets.com identicons.github.com github-cloud.s3.amazonaws.com secured-user-images.githubusercontent.com/ github-production-user-asset-6210df.s3.amazonaws.com customer-stories-feed.github.com spotlights-feed.github.com *.githubusercontent.com; manifest-src 'self'; media-src github.com user-images.githubusercontent.com/ secured-user-images.githubusercontent.com/; script-src github.githubassets.com; style-src 'unsafe-inline' github.githubassets.com; worker-src github.com/assets-cdn/worker/ gist.github.com/assets-cdn/worker/","x-github-request-id":"D95B:C8A5:AA5590:AEEC77:6343FC8F"}
[debug] [2022-10-10T11:05:51.361Z] >>> [apiv2][query] GET https://api.github.com/user [none]
[debug] [2022-10-10T11:05:51.810Z] <<< [apiv2][status] GET https://api.github.com/user 200
[debug] [2022-10-10T11:05:51.811Z] <<< [apiv2][body] GET https://api.github.com/user {"login":"ItamarCohen2826","id":70999171,"node_id":"MDQ6VXNlcjcwOTk5MTcx","avatar_url":"https://avatars.githubusercontent.com/u/70999171?v=4","gravatar_id":"","url":"https://api.github.com/users/ItamarCohen2826","html_url":"https://github.com/ItamarCohen2826","followers_url":"https://api.github.com/users/ItamarCohen2826/followers","following_url":"https://api.github.com/users/ItamarCohen2826/following{/other_user}","gists_url":"https://api.github.com/users/ItamarCohen2826/gists{/gist_id}","starred_url":"https://api.github.com/users/ItamarCohen2826/starred{/owner}{/repo}","subscriptions_url":"https://api.github.com/users/ItamarCohen2826/subscriptions","organizations_url":"https://api.github.com/users/ItamarCohen2826/orgs","repos_url":"https://api.github.com/users/ItamarCohen2826/repos","events_url":"https://api.github.com/users/ItamarCohen2826/events{/privacy}","received_events_url":"https://api.github.com/users/ItamarCohen2826/received_events","type":"User","site_admin":false,"name":null,"company":null,"blog":"","location":null,"email":null,"hireable":null,"bio":null,"twitter_username":null,"public_repos":11,"public_gists":0,"followers":0,"following":1,"created_at":"2020-09-09T06:07:37Z","updated_at":"2022-09-12T12:47:58Z","private_gists":1,"total_private_repos":1,"owned_private_repos":1,"disk_usage":15207,"collaborators":0,"two_factor_authentication":false,"plan":{"name":"free","space":976562499,"collaborators":0,"private_repos":10000}}
[info] 
[info] ✔  Success! Logged into GitHub as ItamarCohen2826 
[info] 
